<?xml version="1.0" encoding="utf-8"?><testsuites><testsuite name="pytest" errors="0" failures="0" skipped="12" tests="127" time="2.271" timestamp="2025-03-21T20:13:27.999487+00:00" hostname="fv-az1945-313"><testcase classname="tests.test_core" name="test_access_pkg_resources" time="0.001" /><testcase classname="tests.test_core" name="test_genbadge[use_shields=False]" time="0.017" /><testcase classname="tests.test_core" name="test_genbadge_red[use_shields=False]" time="0.008" /><testcase classname="tests.test_core" name="test_parse_tests" time="0.001" /><testcase classname="tests.test_core" name="test_parse_cov" time="0.001" /><testcase classname="tests.test_core" name="test_parse_cov_nobranch_issue_15" time="0.003" /><testcase classname="tests.test_core" name="test_parse_flake8" time="0.001" /><testcase classname="tests.test_readme_common" name="test_help" time="0.002" /><testcase classname="tests.test_readme_common" name="test_help_cmd[tests]" time="0.003" /><testcase classname="tests.test_readme_common" name="test_help_cmd[coverage]" time="0.003" /><testcase classname="tests.test_readme_common" name="test_help_cmd[flake8]" time="0.003" /><testcase classname="tests.test_readme_common" name="test_file_not_found[tests]" time="0.003" /><testcase classname="tests.test_readme_common" name="test_file_not_found[coverage]" time="0.003" /><testcase classname="tests.test_readme_common" name="test_file_not_found[flake8]" time="0.003" /><testcase classname="tests.test_readme_common" name="test_any_command[tests-default-verbose=False-silent=False-outstream=False]" time="0.005" /><testcase classname="tests.test_readme_common" name="test_any_command[tests-default-verbose=False-silent=False-outstream=True]" time="0.002"><skipped type="pytest.skip" message="this test does not make sense">/home/runner/work/python-genbadge/python-genbadge/tests/test_readme_common.py:352: this test does not make sense</skipped></testcase><testcase classname="tests.test_readme_common" name="test_any_command[tests-default-verbose=False-silent=True-outstream=False]" time="0.005" /><testcase classname="tests.test_readme_common" name="test_any_command[tests-default-verbose=False-silent=True-outstream=True]" time="0.002"><skipped type="pytest.skip" message="this test does not make sense">/home/runner/work/python-genbadge/python-genbadge/tests/test_readme_common.py:352: this test does not make sense</skipped></testcase><testcase classname="tests.test_readme_common" name="test_any_command[tests-default-verbose=True-silent=False-outstream=False]" time="0.005" /><testcase classname="tests.test_readme_common" name="test_any_command[tests-default-verbose=True-silent=False-outstream=True]" time="0.002"><skipped type="pytest.skip" message="this test does not make sense">/home/runner/work/python-genbadge/python-genbadge/tests/test_readme_common.py:352: this test does not make sense</skipped></testcase><testcase classname="tests.test_readme_common" name="test_any_command[tests-default-verbose=True-silent=True-outstream=False]" time="0.005" /><testcase classname="tests.test_readme_common" name="test_any_command[tests-default-verbose=True-silent=True-outstream=True]" time="0.002"><skipped type="pytest.skip" message="this test does not make sense">/home/runner/work/python-genbadge/python-genbadge/tests/test_readme_common.py:352: this test does not make sense</skipped></testcase><testcase classname="tests.test_readme_common" name="test_any_command[tests-custom-verbose=False-silent=False-outstream=False]" time="0.005" /><testcase classname="tests.test_readme_common" name="test_any_command[tests-custom-verbose=False-silent=False-outstream=True]" time="0.005" /><testcase classname="tests.test_readme_common" name="test_any_command[tests-custom-verbose=False-silent=True-outstream=False]" time="0.005" /><testcase classname="tests.test_readme_common" name="test_any_command[tests-custom-verbose=False-silent=True-outstream=True]" time="0.005" /><testcase classname="tests.test_readme_common" name="test_any_command[tests-custom-verbose=True-silent=False-outstream=False]" time="0.005" /><testcase classname="tests.test_readme_common" name="test_any_command[tests-custom-verbose=True-silent=False-outstream=True]" time="0.005" /><testcase classname="tests.test_readme_common" name="test_any_command[tests-custom-verbose=True-silent=True-outstream=False]" time="0.005" /><testcase classname="tests.test_readme_common" name="test_any_command[tests-custom-verbose=True-silent=True-outstream=True]" time="0.005" /><testcase classname="tests.test_readme_common" name="test_any_command[tests-custom_shortargs-verbose=False-silent=False-outstream=False]" time="0.005" /><testcase classname="tests.test_readme_common" name="test_any_command[tests-custom_shortargs-verbose=False-silent=False-outstream=True]" time="0.005" /><testcase classname="tests.test_readme_common" name="test_any_command[tests-custom_shortargs-verbose=False-silent=True-outstream=False]" time="0.005" /><testcase classname="tests.test_readme_common" name="test_any_command[tests-custom_shortargs-verbose=False-silent=True-outstream=True]" time="0.005" /><testcase classname="tests.test_readme_common" name="test_any_command[tests-custom_shortargs-verbose=True-silent=False-outstream=False]" time="0.005" /><testcase classname="tests.test_readme_common" name="test_any_command[tests-custom_shortargs-verbose=True-silent=False-outstream=True]" time="0.005" /><testcase classname="tests.test_readme_common" name="test_any_command[tests-custom_shortargs-verbose=True-silent=True-outstream=False]" time="0.005" /><testcase classname="tests.test_readme_common" name="test_any_command[tests-custom_shortargs-verbose=True-silent=True-outstream=True]" time="0.005" /><testcase classname="tests.test_readme_common" name="test_any_command[tests-custom_absolute-verbose=False-silent=False-outstream=False]" time="0.005" /><testcase classname="tests.test_readme_common" name="test_any_command[tests-custom_absolute-verbose=False-silent=False-outstream=True]" time="0.005" /><testcase classname="tests.test_readme_common" name="test_any_command[tests-custom_absolute-verbose=False-silent=True-outstream=False]" time="0.005" /><testcase classname="tests.test_readme_common" name="test_any_command[tests-custom_absolute-verbose=False-silent=True-outstream=True]" time="0.005" /><testcase classname="tests.test_readme_common" name="test_any_command[tests-custom_absolute-verbose=True-silent=False-outstream=False]" time="0.005" /><testcase classname="tests.test_readme_common" name="test_any_command[tests-custom_absolute-verbose=True-silent=False-outstream=True]" time="0.005" /><testcase classname="tests.test_readme_common" name="test_any_command[tests-custom_absolute-verbose=True-silent=True-outstream=False]" time="0.005" /><testcase classname="tests.test_readme_common" name="test_any_command[tests-custom_absolute-verbose=True-silent=True-outstream=True]" time="0.005" /><testcase classname="tests.test_readme_common" name="test_any_command[coverage-default-verbose=False-silent=False-outstream=False]" time="0.005" /><testcase classname="tests.test_readme_common" name="test_any_command[coverage-default-verbose=False-silent=False-outstream=True]" time="0.002"><skipped type="pytest.skip" message="this test does not make sense">/home/runner/work/python-genbadge/python-genbadge/tests/test_readme_common.py:352: this test does not make sense</skipped></testcase><testcase classname="tests.test_readme_common" name="test_any_command[coverage-default-verbose=False-silent=True-outstream=False]" time="0.005" /><testcase classname="tests.test_readme_common" name="test_any_command[coverage-default-verbose=False-silent=True-outstream=True]" time="0.002"><skipped type="pytest.skip" message="this test does not make sense">/home/runner/work/python-genbadge/python-genbadge/tests/test_readme_common.py:352: this test does not make sense</skipped></testcase><testcase classname="tests.test_readme_common" name="test_any_command[coverage-default-verbose=True-silent=False-outstream=False]" time="0.005" /><testcase classname="tests.test_readme_common" name="test_any_command[coverage-default-verbose=True-silent=False-outstream=True]" time="0.002"><skipped type="pytest.skip" message="this test does not make sense">/home/runner/work/python-genbadge/python-genbadge/tests/test_readme_common.py:352: this test does not make sense</skipped></testcase><testcase classname="tests.test_readme_common" name="test_any_command[coverage-default-verbose=True-silent=True-outstream=False]" time="0.005" /><testcase classname="tests.test_readme_common" name="test_any_command[coverage-default-verbose=True-silent=True-outstream=True]" time="0.002"><skipped type="pytest.skip" message="this test does not make sense">/home/runner/work/python-genbadge/python-genbadge/tests/test_readme_common.py:352: this test does not make sense</skipped></testcase><testcase classname="tests.test_readme_common" name="test_any_command[coverage-custom-verbose=False-silent=False-outstream=False]" time="0.005" /><testcase classname="tests.test_readme_common" name="test_any_command[coverage-custom-verbose=False-silent=False-outstream=True]" time="0.005" /><testcase classname="tests.test_readme_common" name="test_any_command[coverage-custom-verbose=False-silent=True-outstream=False]" time="0.005" /><testcase classname="tests.test_readme_common" name="test_any_command[coverage-custom-verbose=False-silent=True-outstream=True]" time="0.005" /><testcase classname="tests.test_readme_common" name="test_any_command[coverage-custom-verbose=True-silent=False-outstream=False]" time="0.005" /><testcase classname="tests.test_readme_common" name="test_any_command[coverage-custom-verbose=True-silent=False-outstream=True]" time="0.005" /><testcase classname="tests.test_readme_common" name="test_any_command[coverage-custom-verbose=True-silent=True-outstream=False]" time="0.005" /><testcase classname="tests.test_readme_common" name="test_any_command[coverage-custom-verbose=True-silent=True-outstream=True]" time="0.005" /><testcase classname="tests.test_readme_common" name="test_any_command[coverage-custom_shortargs-verbose=False-silent=False-outstream=False]" time="0.005" /><testcase classname="tests.test_readme_common" name="test_any_command[coverage-custom_shortargs-verbose=False-silent=False-outstream=True]" time="0.005" /><testcase classname="tests.test_readme_common" name="test_any_command[coverage-custom_shortargs-verbose=False-silent=True-outstream=False]" time="0.005" /><testcase classname="tests.test_readme_common" name="test_any_command[coverage-custom_shortargs-verbose=False-silent=True-outstream=True]" time="0.005" /><testcase classname="tests.test_readme_common" name="test_any_command[coverage-custom_shortargs-verbose=True-silent=False-outstream=False]" time="0.006" /><testcase classname="tests.test_readme_common" name="test_any_command[coverage-custom_shortargs-verbose=True-silent=False-outstream=True]" time="0.005" /><testcase classname="tests.test_readme_common" name="test_any_command[coverage-custom_shortargs-verbose=True-silent=True-outstream=False]" time="0.005" /><testcase classname="tests.test_readme_common" name="test_any_command[coverage-custom_shortargs-verbose=True-silent=True-outstream=True]" time="0.005" /><testcase classname="tests.test_readme_common" name="test_any_command[coverage-custom_absolute-verbose=False-silent=False-outstream=False]" time="0.005" /><testcase classname="tests.test_readme_common" name="test_any_command[coverage-custom_absolute-verbose=False-silent=False-outstream=True]" time="0.005" /><testcase classname="tests.test_readme_common" name="test_any_command[coverage-custom_absolute-verbose=False-silent=True-outstream=False]" time="0.005" /><testcase classname="tests.test_readme_common" name="test_any_command[coverage-custom_absolute-verbose=False-silent=True-outstream=True]" time="0.005" /><testcase classname="tests.test_readme_common" name="test_any_command[coverage-custom_absolute-verbose=True-silent=False-outstream=False]" time="0.005" /><testcase classname="tests.test_readme_common" name="test_any_command[coverage-custom_absolute-verbose=True-silent=False-outstream=True]" time="0.005" /><testcase classname="tests.test_readme_common" name="test_any_command[coverage-custom_absolute-verbose=True-silent=True-outstream=False]" time="0.005" /><testcase classname="tests.test_readme_common" name="test_any_command[coverage-custom_absolute-verbose=True-silent=True-outstream=True]" time="0.005" /><testcase classname="tests.test_readme_common" name="test_any_command[flake8-default-verbose=False-silent=False-outstream=False]" time="0.005" /><testcase classname="tests.test_readme_common" name="test_any_command[flake8-default-verbose=False-silent=False-outstream=True]" time="0.002"><skipped type="pytest.skip" message="this test does not make sense">/home/runner/work/python-genbadge/python-genbadge/tests/test_readme_common.py:352: this test does not make sense</skipped></testcase><testcase classname="tests.test_readme_common" name="test_any_command[flake8-default-verbose=False-silent=True-outstream=False]" time="0.005" /><testcase classname="tests.test_readme_common" name="test_any_command[flake8-default-verbose=False-silent=True-outstream=True]" time="0.002"><skipped type="pytest.skip" message="this test does not make sense">/home/runner/work/python-genbadge/python-genbadge/tests/test_readme_common.py:352: this test does not make sense</skipped></testcase><testcase classname="tests.test_readme_common" name="test_any_command[flake8-default-verbose=True-silent=False-outstream=False]" time="0.005" /><testcase classname="tests.test_readme_common" name="test_any_command[flake8-default-verbose=True-silent=False-outstream=True]" time="0.002"><skipped type="pytest.skip" message="this test does not make sense">/home/runner/work/python-genbadge/python-genbadge/tests/test_readme_common.py:352: this test does not make sense</skipped></testcase><testcase classname="tests.test_readme_common" name="test_any_command[flake8-default-verbose=True-silent=True-outstream=False]" time="0.005" /><testcase classname="tests.test_readme_common" name="test_any_command[flake8-default-verbose=True-silent=True-outstream=True]" time="0.002"><skipped type="pytest.skip" message="this test does not make sense">/home/runner/work/python-genbadge/python-genbadge/tests/test_readme_common.py:352: this test does not make sense</skipped></testcase><testcase classname="tests.test_readme_common" name="test_any_command[flake8-custom-verbose=False-silent=False-outstream=False]" time="0.005" /><testcase classname="tests.test_readme_common" name="test_any_command[flake8-custom-verbose=False-silent=False-outstream=True]" time="0.004" /><testcase classname="tests.test_readme_common" name="test_any_command[flake8-custom-verbose=False-silent=True-outstream=False]" time="0.005" /><testcase classname="tests.test_readme_common" name="test_any_command[flake8-custom-verbose=False-silent=True-outstream=True]" time="0.004" /><testcase classname="tests.test_readme_common" name="test_any_command[flake8-custom-verbose=True-silent=False-outstream=False]" time="0.005" /><testcase classname="tests.test_readme_common" name="test_any_command[flake8-custom-verbose=True-silent=False-outstream=True]" time="0.005" /><testcase classname="tests.test_readme_common" name="test_any_command[flake8-custom-verbose=True-silent=True-outstream=False]" time="0.005" /><testcase classname="tests.test_readme_common" name="test_any_command[flake8-custom-verbose=True-silent=True-outstream=True]" time="0.005" /><testcase classname="tests.test_readme_common" name="test_any_command[flake8-custom_shortargs-verbose=False-silent=False-outstream=False]" time="0.005" /><testcase classname="tests.test_readme_common" name="test_any_command[flake8-custom_shortargs-verbose=False-silent=False-outstream=True]" time="0.005" /><testcase classname="tests.test_readme_common" name="test_any_command[flake8-custom_shortargs-verbose=False-silent=True-outstream=False]" time="0.005" /><testcase classname="tests.test_readme_common" name="test_any_command[flake8-custom_shortargs-verbose=False-silent=True-outstream=True]" time="0.005" /><testcase classname="tests.test_readme_common" name="test_any_command[flake8-custom_shortargs-verbose=True-silent=False-outstream=False]" time="0.005" /><testcase classname="tests.test_readme_common" name="test_any_command[flake8-custom_shortargs-verbose=True-silent=False-outstream=True]" time="0.005" /><testcase classname="tests.test_readme_common" name="test_any_command[flake8-custom_shortargs-verbose=True-silent=True-outstream=False]" time="0.005" /><testcase classname="tests.test_readme_common" name="test_any_command[flake8-custom_shortargs-verbose=True-silent=True-outstream=True]" time="0.005" /><testcase classname="tests.test_readme_common" name="test_any_command[flake8-custom_absolute-verbose=False-silent=False-outstream=False]" time="0.005" /><testcase classname="tests.test_readme_common" name="test_any_command[flake8-custom_absolute-verbose=False-silent=False-outstream=True]" time="0.004" /><testcase classname="tests.test_readme_common" name="test_any_command[flake8-custom_absolute-verbose=False-silent=True-outstream=False]" time="0.005" /><testcase classname="tests.test_readme_common" name="test_any_command[flake8-custom_absolute-verbose=False-silent=True-outstream=True]" time="0.005" /><testcase classname="tests.test_readme_common" name="test_any_command[flake8-custom_absolute-verbose=True-silent=False-outstream=False]" time="0.005" /><testcase classname="tests.test_readme_common" name="test_any_command[flake8-custom_absolute-verbose=True-silent=False-outstream=True]" time="0.005" /><testcase classname="tests.test_readme_common" name="test_any_command[flake8-custom_absolute-verbose=True-silent=True-outstream=False]" time="0.005" /><testcase classname="tests.test_readme_common" name="test_any_command[flake8-custom_absolute-verbose=True-silent=True-outstream=True]" time="0.004" /><testcase classname="tests.test_readme_common" name="test_threshold[False--1]" time="0.213" /><testcase classname="tests.test_readme_common" name="test_threshold[False-0]" time="0.089" /><testcase classname="tests.test_readme_common" name="test_threshold[False-40]" time="0.145" /><testcase classname="tests.test_readme_common" name="test_threshold[False-40.1]" time="0.003" /><testcase classname="tests.test_readme_common" name="test_threshold[False-100]" time="0.003" /><testcase classname="tests.test_readme_common" name="test_threshold[False-101]" time="0.003" /><testcase classname="tests.test_readme_common" name="test_threshold[True--1]" time="0.140" /><testcase classname="tests.test_readme_common" name="test_threshold[True-0]" time="0.103" /><testcase classname="tests.test_readme_common" name="test_threshold[True-40]" time="0.117" /><testcase classname="tests.test_readme_common" name="test_threshold[True-40.1]" time="0.003" /><testcase classname="tests.test_readme_common" name="test_threshold[True-100]" time="0.003" /><testcase classname="tests.test_readme_common" name="test_threshold[True-101]" time="0.003" /><testcase classname="tests.test_readme_common" name="test_local_remote[None-None]" time="0.138" /><testcase classname="tests.test_readme_common" name="test_local_remote[False-False]" time="0.005" /><testcase classname="tests.test_readme_common" name="test_local_remote[False-True]" time="0.005" /><testcase classname="tests.test_readme_common" name="test_local_remote[True-False]" time="0.169" /><testcase classname="tests.test_readme_common" name="test_local_remote[True-True]" time="0.066" /></testsuite></testsuites>